<?xml version="1.0" encoding="UTF-8"?>
<testng-results ignored="0" total="1" passed="1" failed="0" skipped="0">
  <reporter-output>
  </reporter-output>
  <suite started-at="2021-10-17T22:08:27Z" name="All Test Suite" finished-at="2021-10-17T22:08:35Z" duration-ms="8295">
    <groups>
    </groups>
    <test started-at="2021-10-17T22:08:27Z" name="C:/Users/dead1/Desktop/pageObject/src/test/resources" finished-at="2021-10-17T22:08:35Z" duration-ms="8295">
      <class name="tests.searchapartment.SearchApartmentTest">
        <test-method signature="checkIsRedirectToListing()[pri:0, instance:tests.searchapartment.SearchApartmentTest@52bf7bf6]" started-at="2021-10-17T22:08:27Z" name="checkIsRedirectToListing" finished-at="2021-10-17T22:08:35Z" duration-ms="8009" status="PASS">
          <reporter-output>
          </reporter-output>
        </test-method> <!-- checkIsRedirectToListing -->
        <test-method is-config="true" signature="clearCookiesAndLocalStorage()[pri:0, instance:tests.searchapartment.SearchApartmentTest@52bf7bf6]" started-at="2021-10-17T22:08:35Z" name="clearCookiesAndLocalStorage" finished-at="2021-10-17T22:08:35Z" duration-ms="8" status="PASS">
          <reporter-output>
          </reporter-output>
        </test-method> <!-- clearCookiesAndLocalStorage -->
        <test-method is-config="true" signature="close()[pri:0, instance:tests.searchapartment.SearchApartmentTest@52bf7bf6]" started-at="2021-10-17T22:08:35Z" name="close" finished-at="2021-10-17T22:08:35Z" duration-ms="258" status="PASS">
          <reporter-output>
          </reporter-output>
        </test-method> <!-- close -->
      </class> <!-- tests.searchapartment.SearchApartmentTest -->
    </test> <!-- C:/Users/dead1/Desktop/pageObject/src/test/resources -->
  </suite> <!-- All Test Suite -->
</testng-results>
